<?xml version="1.0" encoding="UTF-8"?>
<!-- Generated by org.testng.reporters.JUnitReportReporter -->
<testsuite hostname="labmac0018657" failures="0" tests="1" name="Test.BaseClass" time="12.044" errors="0" timestamp="2024-11-09T16:43:59 IST" skipped="0">
  <testcase classname="Test.BaseClass" name="iOSSetUp" time="12.044"/>
</testsuite> <!-- Test.BaseClass -->
