<?xml version="1.0" encoding="UTF-8"?>
<!-- Generated by org.testng.reporters.JUnitReportReporter -->
<testsuite hostname="mac0018146" failures="0" tests="2" name="Test.BaseClass" time="5.846" errors="0" timestamp="2024-10-03T14:37:11 IST" skipped="1">
  <testcase classname="Test.BaseClass" name="androidSetUp" time="5.846"/>
  <testcase classname="Test.BaseClass" name="iOSSetUp">
    <skipped/>
  </testcase> <!-- iOSSetUp -->
</testsuite> <!-- Test.BaseClass -->
